-------------------------------------------------------------------------------
Test set: me.gabreuw.springbootmicroservices.SpringBootMicroservicesApplicationTests
-------------------------------------------------------------------------------
Tests run: 1, Failures: 0, Errors: 1, Skipped: 0, Time elapsed: 1.627 s <<< FAILURE! - in me.gabreuw.springbootmicroservices.SpringBootMicroservicesApplicationTests
contextLoads  Time elapsed: 0.001 s  <<< ERROR!
java.lang.IllegalStateException: Failed to load ApplicationContext
Caused by: org.springframework.beans.factory.UnsatisfiedDependencyException: Error creating bean with name 'courseController' defined in file [/home/gabriel/Projects/spring-boot-microservices/course/target/classes/me/gabreuw/springbootmicroservices/endpoint/controller/CourseController.class]: Unsatisfied dependency expressed through constructor parameter 0; nested exception is org.springframework.beans.factory.UnsatisfiedDependencyException: Error creating bean with name 'courseService' defined in file [/home/gabriel/Projects/spring-boot-microservices/course/target/classes/me/gabreuw/springbootmicroservices/endpoint/service/CourseService.class]: Unsatisfied dependency expressed through constructor parameter 0; nested exception is org.springframework.beans.factory.NoSuchBeanDefinitionException: No qualifying bean of type 'me.gabreuw.core.repository.CourseRepository' available: expected at least 1 bean which qualifies as autowire candidate. Dependency annotations: {}
Caused by: org.springframework.beans.factory.UnsatisfiedDependencyException: Error creating bean with name 'courseService' defined in file [/home/gabriel/Projects/spring-boot-microservices/course/target/classes/me/gabreuw/springbootmicroservices/endpoint/service/CourseService.class]: Unsatisfied dependency expressed through constructor parameter 0; nested exception is org.springframework.beans.factory.NoSuchBeanDefinitionException: No qualifying bean of type 'me.gabreuw.core.repository.CourseRepository' available: expected at least 1 bean which qualifies as autowire candidate. Dependency annotations: {}
Caused by: org.springframework.beans.factory.NoSuchBeanDefinitionException: No qualifying bean of type 'me.gabreuw.core.repository.CourseRepository' available: expected at least 1 bean which qualifies as autowire candidate. Dependency annotations: {}

